#
# There is insufficient memory for the Java Runtime Environment to continue.
# Native memory allocation (mmap) failed to map 232783872 bytes for G1 virtual space
# Possible reasons:
#   The system is out of physical RAM or swap space
#   The process is running with CompressedOops enabled, and the Java Heap may be blocking the growth of the native heap
# Possible solutions:
#   Reduce memory load on the system
#   Increase physical memory or swap space
#   Check if swap backing store is full
#   Decrease Java heap size (-Xmx/-Xms)
#   Decrease number of Java threads
#   Decrease Java thread stack sizes (-Xss)
#   Set larger code cache with -XX:ReservedCodeCacheSize=
#   JVM is running with Zero Based Compressed Oops mode in which the Java heap is
#     placed in the first 32GB address space. The Java Heap base address is the
#     maximum limit for the native heap growth. Please use -XX:HeapBaseMinAddress
#     to set the Java Heap base and to place the Java Heap above 32GB virtual address.
# This output file may be truncated or incomplete.
#
#  Out of Memory Error (os_windows.cpp:3825), pid=107580, tid=109112
#
# JRE version:  (17.0.9) (build )
# Java VM: OpenJDK 64-Bit Server VM (17.0.9+0--11185874, mixed mode, sharing, tiered, compressed oops, compressed class ptrs, g1 gc, windows-amd64)
# No core dump will be written. Minidumps are not enabled by default on client versions of Windows
#

---------------  S U M M A R Y ------------

Command Line: git4idea.http.GitAskPassApp Username for 'https://github.com': 

Host: AMD Ryzen 7 5800H with Radeon Graphics         , 16 cores, 13G,  Windows 11 , 64 bit Build 22000 (10.0.22000.2538)
Time: Tue Jun  4 16:04:51 2024  Windows 11 , 64 bit Build 22000 (10.0.22000.2538) elapsed time: 0.009879 seconds (0d 0h 0m 0s)

---------------  T H R E A D  ---------------

Current thread (0x00000231dae59db0):  JavaThread "Unknown thread" [_thread_in_vm, id=109112, stack(0x000000ab17c00000,0x000000ab17d00000)]

Stack: [0x000000ab17c00000,0x000000ab17d00000]
Native frames: (J=compiled Java code, j=interpreted, Vv=VM code, C=native code)
V  [jvm.dll+0x6886e9]
V  [jvm.dll+0x841e4a]
V  [jvm.dll+0x843a8e]
V  [jvm.dll+0x8440f3]
V  [jvm.dll+0x24c14f]
V  [jvm.dll+0x685499]
V  [jvm.dll+0x679c2a]
V  [jvm.dll+0x30cf9b]
V  [jvm.dll+0x314446]
V  [jvm.dll+0x36425e]
V  [jvm.dll+0x36448f]
V  [jvm.dll+0x2e2d68]
V  [jvm.dll+0x2e3cd4]
V  [jvm.dll+0x8129f1]
V  [jvm.dll+0x3720c1]
V  [jvm.dll+0x7f152c]
V  [jvm.dll+0x3f5d4f]
V  [jvm.dll+0x3f7981]
C  [jli.dll+0x528f]
C  [ucrtbase.dll+0x26c0c]
C  [KERNEL32.DLL+0x153e0]
C  [ntdll.dll+0x485b]


---------------  P R O C E S S  ---------------

Threads class SMR info:
_java_thread_list=0x00007ffdcf7fef18, length=0, elements={
}

Java Threads: ( => current thread )

Other Threads:
  0x00000231daebcb70 GCTaskThread "GC Thread#0" [stack: 0x000000ab17d00000,0x000000ab17e00000] [id=104824]
  0x00000231daecb890 ConcurrentGCThread "G1 Main Marker" [stack: 0x000000ab17e00000,0x000000ab17f00000] [id=106152]
  0x00000231daecd2c0 ConcurrentGCThread "G1 Conc#0" [stack: 0x000000ab17f00000,0x000000ab18000000] [id=106788]

[error occurred during error reporting (printing all threads), id 0xc0000005, EXCEPTION_ACCESS_VIOLATION (0xc0000005) at pc=0x00007ffdcefb3937]

VM state: not at safepoint (not fully initialized)

VM Mutex/Monitor currently owned by a thread:  ([mutex/lock_event])
[0x00000231dae573a0] Heap_lock - owner thread: 0x00000231dae59db0

Heap address: 0x0000000722200000, size: 3550 MB, Compressed Oops mode: Zero based, Oop shift amount: 3

CDS archive(s) mapped at: [0x0000000000000000-0x0000000000000000-0x0000000000000000), size 0, SharedBaseAddress: 0x0000000800000000, ArchiveRelocationMode: 1.
Narrow klass base: 0x0000000000000000, Narrow klass shift: 0, Narrow klass range: 0x0

GC Precious Log:
<Empty>

Heap:
 garbage-first heap   total 0K, used 0K [0x0000000722200000, 0x0000000800000000)
  region size 2048K, 0 young (0K), 0 survivors (0K)
 Metaspace       used 0K, committed 0K, reserved 0K
  class space    used 0K, committed 0K, reserved 0K

Heap Regions: E=young(eden), S=young(survivor), O=old, HS=humongous(starts), HC=humongous(continues), CS=collection set, F=free, OA=open archive, CA=closed archive, TAMS=top-at-mark-start (previous, next)

Card table byte_map: [0x00000231ee2b0000,0x00000231ee9a0000] _byte_map_base: 0x00000231ea99f000

Marking Bits (Prev, Next): (CMBitMap*) 0x00000231daebd190, (CMBitMap*) 0x00000231daebd1d0
 Prev Bits: [0x00000231ef090000, 0x00000231f2808000)
 Next Bits: [0x00000231f2810000, 0x00000231f5f88000)

GC Heap History (0 events):
No events

Dll operation events (1 events):
Event: 0.006 Loaded shared library D:\Android-studio\jbr\bin\java.dll

Deoptimization events (0 events):
No events

Classes unloaded (0 events):
No events

Classes redefined (0 events):
No events

Internal exceptions (0 events):
No events

VM Operations (0 events):
No events

Events (0 events):
No events


Dynamic libraries:
0x00007ff6e92c0000 - 0x00007ff6e92ca000 	D:\Android-studio\jbr\bin\java.exe
0x00007ffe398a0000 - 0x00007ffe39aa9000 	C:\WINDOWS\SYSTEM32\ntdll.dll
0x00007ffe389c0000 - 0x00007ffe38a7d000 	C:\WINDOWS\System32\KERNEL32.DLL
0x00007ffe36f20000 - 0x00007ffe372a4000 	C:\WINDOWS\System32\KERNELBASE.dll
0x00007ffe37560000 - 0x00007ffe37671000 	C:\WINDOWS\System32\ucrtbase.dll
0x00007ffe261a0000 - 0x00007ffe261b7000 	D:\Android-studio\jbr\bin\jli.dll
0x00007ffe2aff0000 - 0x00007ffe2b00b000 	D:\Android-studio\jbr\bin\VCRUNTIME140.dll
0x00007ffe37700000 - 0x00007ffe378ad000 	C:\WINDOWS\System32\USER32.dll
0x00007ffe36dd0000 - 0x00007ffe36df6000 	C:\WINDOWS\System32\win32u.dll
0x00007ffe378b0000 - 0x00007ffe378da000 	C:\WINDOWS\System32\GDI32.dll
0x00007ffe19720000 - 0x00007ffe199c5000 	C:\WINDOWS\WinSxS\amd64_microsoft.windows.common-controls_6595b64144ccf1df_6.0.22000.120_none_9d947278b86cc467\COMCTL32.dll
0x00007ffe36e00000 - 0x00007ffe36f1e000 	C:\WINDOWS\System32\gdi32full.dll
0x00007ffe38040000 - 0x00007ffe380e3000 	C:\WINDOWS\System32\msvcrt.dll
0x00007ffe36d30000 - 0x00007ffe36dcd000 	C:\WINDOWS\System32\msvcp_win.dll
0x00007ffe38c20000 - 0x00007ffe38c51000 	C:\WINDOWS\System32\IMM32.DLL
0x00007ffe27e80000 - 0x00007ffe27e8c000 	D:\Android-studio\jbr\bin\vcruntime140_1.dll
0x00007ffe0d370000 - 0x00007ffe0d3fd000 	D:\Android-studio\jbr\bin\msvcp140.dll
0x00007ffdcecc0000 - 0x00007ffdcf943000 	D:\Android-studio\jbr\bin\server\jvm.dll
0x00007ffe378e0000 - 0x00007ffe3798e000 	C:\WINDOWS\System32\ADVAPI32.dll
0x00007ffe38c60000 - 0x00007ffe38cfe000 	C:\WINDOWS\System32\sechost.dll
0x00007ffe39660000 - 0x00007ffe39781000 	C:\WINDOWS\System32\RPCRT4.dll
0x00007ffe1b4f0000 - 0x00007ffe1b4f9000 	C:\WINDOWS\SYSTEM32\WSOCK32.dll
0x00007ffe2e480000 - 0x00007ffe2e48a000 	C:\WINDOWS\SYSTEM32\VERSION.dll
0x00007ffe2ff60000 - 0x00007ffe2ff93000 	C:\WINDOWS\SYSTEM32\WINMM.dll
0x00007ffe363e0000 - 0x00007ffe3642d000 	C:\WINDOWS\SYSTEM32\POWRPROF.dll
0x00007ffe39790000 - 0x00007ffe397ff000 	C:\WINDOWS\System32\WS2_32.dll
0x00007ffe36390000 - 0x00007ffe363a3000 	C:\WINDOWS\SYSTEM32\UMPDC.dll
0x00007ffe35de0000 - 0x00007ffe35df8000 	C:\WINDOWS\SYSTEM32\kernel.appcore.dll
0x00007ffe33f80000 - 0x00007ffe33f8a000 	D:\Android-studio\jbr\bin\jimage.dll
0x00007ffe33c60000 - 0x00007ffe33e81000 	C:\WINDOWS\SYSTEM32\DBGHELP.DLL
0x00007ffe2bcd0000 - 0x00007ffe2bd01000 	C:\WINDOWS\SYSTEM32\dbgcore.DLL
0x00007ffe372b0000 - 0x00007ffe3732f000 	C:\WINDOWS\System32\bcryptPrimitives.dll
0x00007ffe32d40000 - 0x00007ffe32d65000 	D:\Android-studio\jbr\bin\java.dll

dbghelp: loaded successfully - version: 4.0.5 - missing functions: none
symbol engine: initialized successfully - sym options: 0x614 - pdb path: .;D:\Android-studio\jbr\bin;C:\WINDOWS\SYSTEM32;C:\WINDOWS\WinSxS\amd64_microsoft.windows.common-controls_6595b64144ccf1df_6.0.22000.120_none_9d947278b86cc467;D:\Android-studio\jbr\bin\server

VM Arguments:
java_command: git4idea.http.GitAskPassApp Username for 'https://github.com': 
java_class_path (initial): D:/Android-studio/plugins/vcs-git/lib/git4idea-rt.jar;D:/Android-studio/lib/externalProcess-rt.jar
Launcher Type: SUN_STANDARD

[Global flags]
     intx CICompilerCount                          = 12                                        {product} {ergonomic}
     uint ConcGCThreads                            = 3                                         {product} {ergonomic}
     uint G1ConcRefinementThreads                  = 13                                        {product} {ergonomic}
   size_t G1HeapRegionSize                         = 2097152                                   {product} {ergonomic}
    uintx GCDrainStackTargetSize                   = 64                                        {product} {ergonomic}
   size_t InitialHeapSize                          = 232783872                                 {product} {ergonomic}
   size_t MarkStackSize                            = 4194304                                   {product} {ergonomic}
   size_t MaxHeapSize                              = 3722444800                                {product} {ergonomic}
   size_t MinHeapDeltaBytes                        = 2097152                                   {product} {ergonomic}
   size_t MinHeapSize                              = 8388608                                   {product} {ergonomic}
    uintx NonNMethodCodeHeapSize                   = 7602480                                {pd product} {ergonomic}
    uintx NonProfiledCodeHeapSize                  = 122027880                              {pd product} {ergonomic}
    uintx ProfiledCodeHeapSize                     = 122027880                              {pd product} {ergonomic}
    uintx ReservedCodeCacheSize                    = 251658240                              {pd product} {ergonomic}
     bool SegmentedCodeCache                       = true                                      {product} {ergonomic}
   size_t SoftMaxHeapSize                          = 3722444800                             {manageable} {ergonomic}
     bool UseCompressedClassPointers               = true                           {product lp64_product} {ergonomic}
     bool UseCompressedOops                        = true                           {product lp64_product} {ergonomic}
     bool UseG1GC                                  = true                                      {product} {ergonomic}
     bool UseLargePagesIndividualAllocation        = false                                  {pd product} {ergonomic}

Logging:
Log output configuration:
 #0: stdout all=warning uptime,level,tags
 #1: stderr all=off uptime,level,tags

Environment Variables:
JAVA_HOME=C:\Program Files\Java\jdk1.8.0_321
PATH=C:/Program Files/Git/mingw64/libexec/git-core;C:/Program Files/Git/mingw64/libexec/git-core;C:\Program Files\Git\mingw64\bin;C:\Program Files\Git\usr\bin;C:\Users\rong\bin;D:\Anaconda3;D:\Anaconda3\Library\mingw-w64\bin;D:\Anaconda3\Library\usr\bin;D:\Anaconda3\Library\bin;D:\Anaconda3\Scripts;C:\Program Files\Java\jdk1.8.0_321\jre\bin;D:\vmvare\bin\;C:\WINDOWS\system32;C:\WINDOWS;C:\WINDOWS\System32\Wbem;C:\WINDOWS\System32\WindowsPowerShell\v1.0\;C:\WINDOWS\System32\OpenSSH\;C:\ProgramData\chocolatey\bin;D:\mysql-8.0.27-winx64\bin;C:\Program Files\Git\cmd;D:\apache-maven-3.8.4-bin\apache-maven-3.8.4\bin;D:\apache-maven-3.8.4-bin\apache-maven-3.8.4bin;D:\node\;C:\Program Files\Java\jdk1.8.0_321\bin;C:\Users\rong\AppData\Roaming\npm;%CATALINA_HOME%\bin;%CATALINA_HOME%\lib;D:\CodeBlocks\MinGW\bin;C:\Users\rong\AppData\Local\Programs\Python\Python39\Scripts;C:\Users\rong\AppData\Local\ActiveState\StateTool\release\bin;C:\Program Files\Microsoft SQL Server\150\Tools\Binn\;D:\software\matlab\R2019a\runtime\win64;D:\software\matlab\R2019a\bin;D:\software\matlab\R2019a\polyspace\bin;C:\Program Files\dotnet\;C:\Users\rong\AppData\Local\Android\Sdk\platform-tools;D:\httpd-2.4.59-240404-win64-VS17\Apache24\bin;D:\texlive\2022\bin\win32;C:\Users\rong\AppData\Local\activestate\cache\bin;C:\Users\rong\AppData\Local\Microsoft\WindowsApps;D:\IntelliJ IDEA 2020.1.1\bin;D:\PyCharm Community Edition 2022.1.3\bin;D:\WebStorm 2022.1.4\bin;D:\software\Microsoft VS Code\bin;D:\MikTex\miktex\bin\x;D:\qq”Œœ∑\QQGameTempest\Hall.57773\;C:\Users\rong\.dotnet\tools
USERNAME=rong
DISPLAY=:0.0
LC_ALL=en_US.UTF-8
TERM=cygwin
TMPDIR=C:\Users\rong\AppData\Local\Temp
OS=Windows_NT
PROCESSOR_IDENTIFIER=AMD64 Family 25 Model 80 Stepping 0, AuthenticAMD
TMP=C:\Users\rong\AppData\Local\Temp
TEMP=C:\Users\rong\AppData\Local\Temp



Periodic native trim disabled

JNI global refs:
JNI global refs: 0, weak refs: 0

JNI global refs memory usage: 0, weak refs: 0

OOME stack traces (most recent first):
Classloader memory used:


---------------  S Y S T E M  ---------------

OS:
 Windows 11 , 64 bit Build 22000 (10.0.22000.2538)
OS uptime: 5 days 11:57 hours
Hyper-V role detected

CPU: total 16 (initial active 16) (16 cores per cpu, 2 threads per core) family 25 model 80 stepping 0 microcode 0x0, cx8, cmov, fxsr, ht, mmx, 3dnowpref, sse, sse2, sse3, ssse3, sse4a, sse4.1, sse4.2, popcnt, lzcnt, tsc, tscinvbit, avx, avx2, aes, erms, clmul, bmi1, bmi2, adx, sha, fma, vzeroupper, clflush, clflushopt, hv
Processor Information for all 16 processors :
  Max Mhz: 3201, Current Mhz: 3201, Mhz Limit: 3201

Memory: 4k page, system-wide physical 14198M (777M free)
TotalPageFile size 39798M (AvailPageFile size 186M)
current process WorkingSet (physical memory assigned to process): 10M, peak: 10M
current process commit charge ("private bytes"): 70M, peak: 292M

vm_info: OpenJDK 64-Bit Server VM (17.0.9+0--11185874) for windows-amd64 JRE (17.0.9+0--11185874), built on Dec  6 2023 18:57:44 by "androidbuild" with MS VC++ 16.10 / 16.11 (VS2019)

END.
